<?xml version="1.0" encoding="UTF-8"?>
<testsuite xmlns:xsi="http://www.w3.org/2001/XMLSchema-instance" xsi:noNamespaceSchemaLocation="https://maven.apache.org/surefire/maven-surefire-plugin/xsd/surefire-test-report.xsd" name="com.ye.test.SpringTest" time="0.452" tests="1" errors="0" skipped="0" failures="0">
  <properties>
    <property name="java.specification.version" value="17"/>
    <property name="sun.cpu.isalist" value="amd64"/>
    <property name="sun.jnu.encoding" value="GBK"/>
    <property name="java.class.path" value="E:\Java\jsporactice\logindemo\target\test-classes;E:\Java\jsporactice\logindemo\target\classes;E:\Java\apache-maven-3.8.5-bin\mvn_resp\junit\junit\4.13.2\junit-4.13.2.jar;E:\Java\apache-maven-3.8.5-bin\mvn_resp\org\hamcrest\hamcrest-core\1.3\hamcrest-core-1.3.jar;E:\Java\apache-maven-3.8.5-bin\mvn_resp\com\alibaba\fastjson\1.2.80\fastjson-1.2.80.jar;E:\Java\apache-maven-3.8.5-bin\mvn_resp\javax\servlet\javax.servlet-api\4.0.1\javax.servlet-api-4.0.1.jar;E:\Java\apache-maven-3.8.5-bin\mvn_resp\javax\servlet\jsp\jsp-api\2.2\jsp-api-2.2.jar;E:\Java\apache-maven-3.8.5-bin\mvn_resp\commons-io\commons-io\2.11.0\commons-io-2.11.0.jar;E:\Java\apache-maven-3.8.5-bin\mvn_resp\org\mybatis\mybatis\3.5.9\mybatis-3.5.9.jar;E:\Java\apache-maven-3.8.5-bin\mvn_resp\mysql\mysql-connector-java\8.0.28\mysql-connector-java-8.0.28.jar;E:\Java\apache-maven-3.8.5-bin\mvn_resp\com\google\protobuf\protobuf-java\3.11.4\protobuf-java-3.11.4.jar;E:\Java\apache-maven-3.8.5-bin\mvn_resp\org\slf4j\slf4j-api\1.7.36\slf4j-api-1.7.36.jar;E:\Java\apache-maven-3.8.5-bin\mvn_resp\ch\qos\logback\logback-classic\1.2.11\logback-classic-1.2.11.jar;E:\Java\apache-maven-3.8.5-bin\mvn_resp\ch\qos\logback\logback-core\1.2.11\logback-core-1.2.11.jar;E:\Java\apache-maven-3.8.5-bin\mvn_resp\jstl\jstl\1.2\jstl-1.2.jar;E:\Java\apache-maven-3.8.5-bin\mvn_resp\org\springframework\spring-context\5.3.18\spring-context-5.3.18.jar;E:\Java\apache-maven-3.8.5-bin\mvn_resp\org\springframework\spring-aop\5.3.18\spring-aop-5.3.18.jar;E:\Java\apache-maven-3.8.5-bin\mvn_resp\org\springframework\spring-beans\5.3.18\spring-beans-5.3.18.jar;E:\Java\apache-maven-3.8.5-bin\mvn_resp\org\springframework\spring-core\5.3.18\spring-core-5.3.18.jar;E:\Java\apache-maven-3.8.5-bin\mvn_resp\org\springframework\spring-jcl\5.3.18\spring-jcl-5.3.18.jar;E:\Java\apache-maven-3.8.5-bin\mvn_resp\org\springframework\spring-expression\5.3.18\spring-expression-5.3.18.jar;E:\Java\apache-maven-3.8.5-bin\mvn_resp\taglibs\standard\1.1.2\standard-1.1.2.jar;"/>
    <property name="java.vm.vendor" value="Oracle Corporation"/>
    <property name="sun.arch.data.model" value="64"/>
    <property name="user.variant" value=""/>
    <property name="java.vendor.url" value="https://java.oracle.com/"/>
    <property name="user.timezone" value="Asia/Shanghai"/>
    <property name="os.name" value="Windows 10"/>
    <property name="java.vm.specification.version" value="17"/>
    <property name="sun.java.launcher" value="SUN_STANDARD"/>
    <property name="user.country" value="CN"/>
    <property name="sun.boot.library.path" value="C:\Program Files\Java\jdk-17.0.2\bin"/>
    <property name="sun.java.command" value="C:\Users\aaa66\AppData\Local\Temp\surefire13281509229810397447\surefirebooter12273786598371206382.jar C:\Users\aaa66\AppData\Local\Temp\surefire13281509229810397447 2022-04-19T23-23-42_653-jvmRun1 surefire7391558516464331722tmp surefire_013153282789582562432tmp"/>
    <property name="jdk.debug" value="release"/>
    <property name="surefire.test.class.path" value="E:\Java\jsporactice\logindemo\target\test-classes;E:\Java\jsporactice\logindemo\target\classes;E:\Java\apache-maven-3.8.5-bin\mvn_resp\junit\junit\4.13.2\junit-4.13.2.jar;E:\Java\apache-maven-3.8.5-bin\mvn_resp\org\hamcrest\hamcrest-core\1.3\hamcrest-core-1.3.jar;E:\Java\apache-maven-3.8.5-bin\mvn_resp\com\alibaba\fastjson\1.2.80\fastjson-1.2.80.jar;E:\Java\apache-maven-3.8.5-bin\mvn_resp\javax\servlet\javax.servlet-api\4.0.1\javax.servlet-api-4.0.1.jar;E:\Java\apache-maven-3.8.5-bin\mvn_resp\javax\servlet\jsp\jsp-api\2.2\jsp-api-2.2.jar;E:\Java\apache-maven-3.8.5-bin\mvn_resp\commons-io\commons-io\2.11.0\commons-io-2.11.0.jar;E:\Java\apache-maven-3.8.5-bin\mvn_resp\org\mybatis\mybatis\3.5.9\mybatis-3.5.9.jar;E:\Java\apache-maven-3.8.5-bin\mvn_resp\mysql\mysql-connector-java\8.0.28\mysql-connector-java-8.0.28.jar;E:\Java\apache-maven-3.8.5-bin\mvn_resp\com\google\protobuf\protobuf-java\3.11.4\protobuf-java-3.11.4.jar;E:\Java\apache-maven-3.8.5-bin\mvn_resp\org\slf4j\slf4j-api\1.7.36\slf4j-api-1.7.36.jar;E:\Java\apache-maven-3.8.5-bin\mvn_resp\ch\qos\logback\logback-classic\1.2.11\logback-classic-1.2.11.jar;E:\Java\apache-maven-3.8.5-bin\mvn_resp\ch\qos\logback\logback-core\1.2.11\logback-core-1.2.11.jar;E:\Java\apache-maven-3.8.5-bin\mvn_resp\jstl\jstl\1.2\jstl-1.2.jar;E:\Java\apache-maven-3.8.5-bin\mvn_resp\org\springframework\spring-context\5.3.18\spring-context-5.3.18.jar;E:\Java\apache-maven-3.8.5-bin\mvn_resp\org\springframework\spring-aop\5.3.18\spring-aop-5.3.18.jar;E:\Java\apache-maven-3.8.5-bin\mvn_resp\org\springframework\spring-beans\5.3.18\spring-beans-5.3.18.jar;E:\Java\apache-maven-3.8.5-bin\mvn_resp\org\springframework\spring-core\5.3.18\spring-core-5.3.18.jar;E:\Java\apache-maven-3.8.5-bin\mvn_resp\org\springframework\spring-jcl\5.3.18\spring-jcl-5.3.18.jar;E:\Java\apache-maven-3.8.5-bin\mvn_resp\org\springframework\spring-expression\5.3.18\spring-expression-5.3.18.jar;E:\Java\apache-maven-3.8.5-bin\mvn_resp\taglibs\standard\1.1.2\standard-1.1.2.jar;"/>
    <property name="sun.cpu.endian" value="little"/>
    <property name="user.home" value="C:\Users\aaa66"/>
    <property name="user.language" value="zh"/>
    <property name="java.specification.vendor" value="Oracle Corporation"/>
    <property name="java.version.date" value="2022-01-18"/>
    <property name="java.home" value="C:\Program Files\Java\jdk-17.0.2"/>
    <property name="file.separator" value="\"/>
    <property name="basedir" value="E:\Java\jsporactice\logindemo"/>
    <property name="java.vm.compressedOopsMode" value="Zero based"/>
    <property name="line.separator" value="&#10;"/>
    <property name="java.vm.specification.vendor" value="Oracle Corporation"/>
    <property name="java.specification.name" value="Java Platform API Specification"/>
    <property name="surefire.real.class.path" value="C:\Users\aaa66\AppData\Local\Temp\surefire13281509229810397447\surefirebooter12273786598371206382.jar"/>
    <property name="user.script" value=""/>
    <property name="sun.management.compiler" value="HotSpot 64-Bit Tiered Compilers"/>
    <property name="java.runtime.version" value="17.0.2+8-LTS-86"/>
    <property name="user.name" value="aaa66"/>
    <property name="path.separator" value=";"/>
    <property name="os.version" value="10.0"/>
    <property name="java.runtime.name" value="Java(TM) SE Runtime Environment"/>
    <property name="file.encoding" value="GBK"/>
    <property name="java.vm.name" value="Java HotSpot(TM) 64-Bit Server VM"/>
    <property name="localRepository" value="E:\Java\apache-maven-3.8.5-bin\mvn_resp"/>
    <property name="java.vendor.url.bug" value="https://bugreport.java.com/bugreport/"/>
    <property name="java.io.tmpdir" value="C:\Users\aaa66\AppData\Local\Temp\"/>
    <property name="idea.version" value="2021.3.3"/>
    <property name="java.version" value="17.0.2"/>
    <property name="user.dir" value="E:\Java\jsporactice\logindemo"/>
    <property name="os.arch" value="amd64"/>
    <property name="java.vm.specification.name" value="Java Virtual Machine Specification"/>
    <property name="sun.os.patch.level" value=""/>
    <property name="native.encoding" value="GBK"/>
    <property name="java.library.path" value="C:\Program Files\Java\jdk-17.0.2\bin;C:\Windows\Sun\Java\bin;C:\Windows\system32;C:\Windows;C:\Program Files\Java\jdk1.8.0_321;C:\Program Files\Java\jdk-17.0.2\bin;D:\VMware\VMware Workstation\bin\;C:\Program Files\Common Files\Oracle\Java\javapath;C:\Program Files (x86)\Common Files\Oracle\Java\javapath;C:\Windows\system32;C:\Windows;C:\Windows\System32\Wbem;C:\Windows\System32\WindowsPowerShell\v1.0\;C:\Windows\System32\OpenSSH\;C:\Program Files (x86)\NVIDIA Corporation\PhysX\Common;D:\Windows Kits\10\Windows Performance Toolkit\;C:\Program Files\MySQL\MySQL Server 8.0\bin\;E:\Java\apache-maven-3.8.5-bin\bin;C:\Program Files\Git\cmd;C:\Users\aaa66\AppData\Local\Programs\Python\Python310\Scripts\;C:\Users\aaa66\AppData\Local\Programs\Python\Python310\;C:\Program Files\MySQL\MySQL Shell 8.0\bin\;C:\Users\aaa66\AppData\Local\Microsoft\WindowsApps;C:\Users\aaa66\AppData\Local\Programs\Microsoft VS Code\bin;C:\Program Files\Java\jdk-17.0.2;C:\Program Files\Java\jdk1.8.0_321;\bin;E:\Java\apache-maven-3.8.5-bin\bin;;."/>
    <property name="java.vm.info" value="mixed mode, sharing"/>
    <property name="java.vendor" value="Oracle Corporation"/>
    <property name="java.vm.version" value="17.0.2+8-LTS-86"/>
    <property name="sun.io.unicode.encoding" value="UnicodeLittle"/>
    <property name="java.class.version" value="61.0"/>
  </properties>
  <testcase name="springTest" classname="com.ye.test.SpringTest" time="0.426"/>
</testsuite>